<?xml version="1.0" encoding="UTF-8"?>
<testng-results skipped="0" failed="0" total="1" passed="1">
  <reporter-output>
  </reporter-output>
  <suite name="Default suite" duration-ms="37933" started-at="2019-12-20T06:31:58Z" finished-at="2019-12-20T06:32:36Z">
    <groups>
    </groups>
    <test name="Default test" duration-ms="37933" started-at="2019-12-20T06:31:58Z" finished-at="2019-12-20T06:32:36Z">
      <class name="test_scripts.Launch_Gmail">
        <test-method status="PASS" signature="openAppln()[pri:0, instance:test_scripts.Launch_Gmail@7d9d1a19]" name="openAppln" is-config="true" duration-ms="16199" started-at="2019-12-20T12:01:58Z" finished-at="2019-12-20T12:02:14Z">
          <reporter-output>
          </reporter-output>
        </test-method> <!-- openAppln -->
        <test-method status="PASS" signature="login()[pri:0, instance:test_scripts.Launch_Gmail@7d9d1a19]" name="login" duration-ms="18799" started-at="2019-12-20T12:02:14Z" finished-at="2019-12-20T12:02:33Z">
          <reporter-output>
          </reporter-output>
        </test-method> <!-- login -->
        <test-method status="PASS" signature="closeAppln(org.testng.ITestResult)[pri:0, instance:test_scripts.Launch_Gmail@7d9d1a19]" name="closeAppln" is-config="true" duration-ms="2920" started-at="2019-12-20T12:02:33Z" finished-at="2019-12-20T12:02:36Z">
          <params>
            <param index="0">
              <value>
                <![CDATA[[TestResult name=login status=SUCCESS method=Launch_Gmail.login()[pri:0, instance:test_scripts.Launch_Gmail@7d9d1a19] output={null}]]]>
              </value>
            </param>
          </params>
          <reporter-output>
          </reporter-output>
        </test-method> <!-- closeAppln -->
      </class> <!-- test_scripts.Launch_Gmail -->
    </test> <!-- Default test -->
  </suite> <!-- Default suite -->
</testng-results>
